<?xml version="1.0" encoding="UTF-8"?><testrun name="dict-persistence" project="dict-persistence" tests="40" started="40" failures="5" errors="13" ignored="0">
  <testsuite name="gov.idaho.sboe.services.CatalogFacadeTest" time="2.339">
    <testcase name="testLoadSubtreeXwalk" classname="gov.idaho.sboe.services.CatalogFacadeTest" time="1.879">
      <failure>junit.framework.AssertionFailedError: Business Rule&#13;
	at junit.framework.Assert.fail(Assert.java:57)&#13;
	at junit.framework.Assert.assertTrue(Assert.java:22)&#13;
	at junit.framework.TestCase.assertTrue(TestCase.java:192)&#13;
	at gov.idaho.sboe.services.CatalogFacadeTest.testLoadSubtreeXwalk(CatalogFacadeTest.java:58)&#13;
	at sun.reflect.NativeMethodAccessorImpl.invoke0(Native Method)&#13;
	at sun.reflect.NativeMethodAccessorImpl.invoke(NativeMethodAccessorImpl.java:57)&#13;
	at sun.reflect.DelegatingMethodAccessorImpl.invoke(DelegatingMethodAccessorImpl.java:43)&#13;
	at java.lang.reflect.Method.invoke(Method.java:606)&#13;
	at junit.framework.TestCase.runTest(TestCase.java:176)&#13;
	at junit.framework.TestCase.runBare(TestCase.java:141)&#13;
	at junit.framework.TestResult$1.protect(TestResult.java:122)&#13;
	at junit.framework.TestResult.runProtected(TestResult.java:142)&#13;
	at junit.framework.TestResult.run(TestResult.java:125)&#13;
	at junit.framework.TestCase.run(TestCase.java:129)&#13;
	at junit.framework.TestSuite.runTest(TestSuite.java:255)&#13;
	at junit.framework.TestSuite.run(TestSuite.java:250)&#13;
	at org.junit.internal.runners.JUnit38ClassRunner.run(JUnit38ClassRunner.java:84)&#13;
	at org.eclipse.jdt.internal.junit4.runner.JUnit4TestReference.run(JUnit4TestReference.java:50)&#13;
	at org.eclipse.jdt.internal.junit.runner.TestExecution.run(TestExecution.java:38)&#13;
	at org.eclipse.jdt.internal.junit.runner.RemoteTestRunner.runTests(RemoteTestRunner.java:467)&#13;
	at org.eclipse.jdt.internal.junit.runner.RemoteTestRunner.runTests(RemoteTestRunner.java:683)&#13;
	at org.eclipse.jdt.internal.junit.runner.RemoteTestRunner.run(RemoteTestRunner.java:390)&#13;
	at org.eclipse.jdt.internal.junit.runner.RemoteTestRunner.main(RemoteTestRunner.java:197)&#13;
&#13;
</failure>
    </testcase>
    <testcase name="testFindGlossaryStringString" classname="gov.idaho.sboe.services.CatalogFacadeTest" time="0.119"/>
    <testcase name="testFindAllGlossaryTypes" classname="gov.idaho.sboe.services.CatalogFacadeTest" time="0.124"/>
    <testcase name="testFindGlossaryChildrenStringString" classname="gov.idaho.sboe.services.CatalogFacadeTest" time="0.114"/>
    <testcase name="testFindGlossaryParentsStringString" classname="gov.idaho.sboe.services.CatalogFacadeTest" time="0.102"/>
  </testsuite>
  <testsuite name="gov.idaho.sboe.LoadDataTest" time="0.227">
    <testcase name="testDeleteRelationships" classname="gov.idaho.sboe.LoadDataTest" time="0.102">
      <error>java.lang.IllegalArgumentException: NamedQuery of name: truncateGlossaryAliasWord not found.&#13;
	at org.eclipse.persistence.internal.jpa.QueryImpl.getDatabaseQueryInternal(QueryImpl.java:350)&#13;
	at org.eclipse.persistence.internal.jpa.EntityManagerImpl.createNamedQuery(EntityManagerImpl.java:1107)&#13;
	at gov.idaho.sboe.utils.MockDataLoader.truncateTables(MockDataLoader.java:122)&#13;
	at gov.idaho.sboe.LoadDataTest.setUp(LoadDataTest.java:70)&#13;
	at junit.framework.TestCase.runBare(TestCase.java:139)&#13;
	at junit.framework.TestResult$1.protect(TestResult.java:122)&#13;
	at junit.framework.TestResult.runProtected(TestResult.java:142)&#13;
	at junit.framework.TestResult.run(TestResult.java:125)&#13;
	at junit.framework.TestCase.run(TestCase.java:129)&#13;
	at junit.framework.TestSuite.runTest(TestSuite.java:255)&#13;
	at junit.framework.TestSuite.run(TestSuite.java:250)&#13;
	at org.junit.internal.runners.JUnit38ClassRunner.run(JUnit38ClassRunner.java:84)&#13;
	at org.eclipse.jdt.internal.junit4.runner.JUnit4TestReference.run(JUnit4TestReference.java:50)&#13;
	at org.eclipse.jdt.internal.junit.runner.TestExecution.run(TestExecution.java:38)&#13;
	at org.eclipse.jdt.internal.junit.runner.RemoteTestRunner.runTests(RemoteTestRunner.java:467)&#13;
	at org.eclipse.jdt.internal.junit.runner.RemoteTestRunner.runTests(RemoteTestRunner.java:683)&#13;
	at org.eclipse.jdt.internal.junit.runner.RemoteTestRunner.run(RemoteTestRunner.java:390)&#13;
	at org.eclipse.jdt.internal.junit.runner.RemoteTestRunner.main(RemoteTestRunner.java:197)&#13;
&#13;
</error>
    </testcase>
    <testcase name="testExplicitCircularReferenceCheck" classname="gov.idaho.sboe.LoadDataTest" time="0.011">
      <error>java.lang.IllegalArgumentException: NamedQuery of name: truncateGlossaryAliasWord not found.&#13;
	at org.eclipse.persistence.internal.jpa.QueryImpl.getDatabaseQueryInternal(QueryImpl.java:350)&#13;
	at org.eclipse.persistence.internal.jpa.EntityManagerImpl.createNamedQuery(EntityManagerImpl.java:1107)&#13;
	at gov.idaho.sboe.utils.MockDataLoader.truncateTables(MockDataLoader.java:122)&#13;
	at gov.idaho.sboe.LoadDataTest.setUp(LoadDataTest.java:70)&#13;
	at junit.framework.TestCase.runBare(TestCase.java:139)&#13;
	at junit.framework.TestResult$1.protect(TestResult.java:122)&#13;
	at junit.framework.TestResult.runProtected(TestResult.java:142)&#13;
	at junit.framework.TestResult.run(TestResult.java:125)&#13;
	at junit.framework.TestCase.run(TestCase.java:129)&#13;
	at junit.framework.TestSuite.runTest(TestSuite.java:255)&#13;
	at junit.framework.TestSuite.run(TestSuite.java:250)&#13;
	at org.junit.internal.runners.JUnit38ClassRunner.run(JUnit38ClassRunner.java:84)&#13;
	at org.eclipse.jdt.internal.junit4.runner.JUnit4TestReference.run(JUnit4TestReference.java:50)&#13;
	at org.eclipse.jdt.internal.junit.runner.TestExecution.run(TestExecution.java:38)&#13;
	at org.eclipse.jdt.internal.junit.runner.RemoteTestRunner.runTests(RemoteTestRunner.java:467)&#13;
	at org.eclipse.jdt.internal.junit.runner.RemoteTestRunner.runTests(RemoteTestRunner.java:683)&#13;
	at org.eclipse.jdt.internal.junit.runner.RemoteTestRunner.run(RemoteTestRunner.java:390)&#13;
	at org.eclipse.jdt.internal.junit.runner.RemoteTestRunner.main(RemoteTestRunner.java:197)&#13;
&#13;
</error>
    </testcase>
    <testcase name="testFindAllGlossaryTypes" classname="gov.idaho.sboe.LoadDataTest" time="0.012">
      <error>java.lang.IllegalArgumentException: NamedQuery of name: truncateGlossaryAliasWord not found.&#13;
	at org.eclipse.persistence.internal.jpa.QueryImpl.getDatabaseQueryInternal(QueryImpl.java:350)&#13;
	at org.eclipse.persistence.internal.jpa.EntityManagerImpl.createNamedQuery(EntityManagerImpl.java:1107)&#13;
	at gov.idaho.sboe.utils.MockDataLoader.truncateTables(MockDataLoader.java:122)&#13;
	at gov.idaho.sboe.LoadDataTest.setUp(LoadDataTest.java:70)&#13;
	at junit.framework.TestCase.runBare(TestCase.java:139)&#13;
	at junit.framework.TestResult$1.protect(TestResult.java:122)&#13;
	at junit.framework.TestResult.runProtected(TestResult.java:142)&#13;
	at junit.framework.TestResult.run(TestResult.java:125)&#13;
	at junit.framework.TestCase.run(TestCase.java:129)&#13;
	at junit.framework.TestSuite.runTest(TestSuite.java:255)&#13;
	at junit.framework.TestSuite.run(TestSuite.java:250)&#13;
	at org.junit.internal.runners.JUnit38ClassRunner.run(JUnit38ClassRunner.java:84)&#13;
	at org.eclipse.jdt.internal.junit4.runner.JUnit4TestReference.run(JUnit4TestReference.java:50)&#13;
	at org.eclipse.jdt.internal.junit.runner.TestExecution.run(TestExecution.java:38)&#13;
	at org.eclipse.jdt.internal.junit.runner.RemoteTestRunner.runTests(RemoteTestRunner.java:467)&#13;
	at org.eclipse.jdt.internal.junit.runner.RemoteTestRunner.runTests(RemoteTestRunner.java:683)&#13;
	at org.eclipse.jdt.internal.junit.runner.RemoteTestRunner.run(RemoteTestRunner.java:390)&#13;
	at org.eclipse.jdt.internal.junit.runner.RemoteTestRunner.main(RemoteTestRunner.java:197)&#13;
&#13;
</error>
    </testcase>
    <testcase name="testFindGlossaryParents" classname="gov.idaho.sboe.LoadDataTest" time="0.012">
      <error>java.lang.IllegalArgumentException: NamedQuery of name: truncateGlossaryAliasWord not found.&#13;
	at org.eclipse.persistence.internal.jpa.QueryImpl.getDatabaseQueryInternal(QueryImpl.java:350)&#13;
	at org.eclipse.persistence.internal.jpa.EntityManagerImpl.createNamedQuery(EntityManagerImpl.java:1107)&#13;
	at gov.idaho.sboe.utils.MockDataLoader.truncateTables(MockDataLoader.java:122)&#13;
	at gov.idaho.sboe.LoadDataTest.setUp(LoadDataTest.java:70)&#13;
	at junit.framework.TestCase.runBare(TestCase.java:139)&#13;
	at junit.framework.TestResult$1.protect(TestResult.java:122)&#13;
	at junit.framework.TestResult.runProtected(TestResult.java:142)&#13;
	at junit.framework.TestResult.run(TestResult.java:125)&#13;
	at junit.framework.TestCase.run(TestCase.java:129)&#13;
	at junit.framework.TestSuite.runTest(TestSuite.java:255)&#13;
	at junit.framework.TestSuite.run(TestSuite.java:250)&#13;
	at org.junit.internal.runners.JUnit38ClassRunner.run(JUnit38ClassRunner.java:84)&#13;
	at org.eclipse.jdt.internal.junit4.runner.JUnit4TestReference.run(JUnit4TestReference.java:50)&#13;
	at org.eclipse.jdt.internal.junit.runner.TestExecution.run(TestExecution.java:38)&#13;
	at org.eclipse.jdt.internal.junit.runner.RemoteTestRunner.runTests(RemoteTestRunner.java:467)&#13;
	at org.eclipse.jdt.internal.junit.runner.RemoteTestRunner.runTests(RemoteTestRunner.java:683)&#13;
	at org.eclipse.jdt.internal.junit.runner.RemoteTestRunner.run(RemoteTestRunner.java:390)&#13;
	at org.eclipse.jdt.internal.junit.runner.RemoteTestRunner.main(RemoteTestRunner.java:197)&#13;
&#13;
</error>
    </testcase>
    <testcase name="testImplicitCircularReferenceCheck" classname="gov.idaho.sboe.LoadDataTest" time="0.012">
      <error>java.lang.IllegalArgumentException: NamedQuery of name: truncateGlossaryAliasWord not found.&#13;
	at org.eclipse.persistence.internal.jpa.QueryImpl.getDatabaseQueryInternal(QueryImpl.java:350)&#13;
	at org.eclipse.persistence.internal.jpa.EntityManagerImpl.createNamedQuery(EntityManagerImpl.java:1107)&#13;
	at gov.idaho.sboe.utils.MockDataLoader.truncateTables(MockDataLoader.java:122)&#13;
	at gov.idaho.sboe.LoadDataTest.setUp(LoadDataTest.java:70)&#13;
	at junit.framework.TestCase.runBare(TestCase.java:139)&#13;
	at junit.framework.TestResult$1.protect(TestResult.java:122)&#13;
	at junit.framework.TestResult.runProtected(TestResult.java:142)&#13;
	at junit.framework.TestResult.run(TestResult.java:125)&#13;
	at junit.framework.TestCase.run(TestCase.java:129)&#13;
	at junit.framework.TestSuite.runTest(TestSuite.java:255)&#13;
	at junit.framework.TestSuite.run(TestSuite.java:250)&#13;
	at org.junit.internal.runners.JUnit38ClassRunner.run(JUnit38ClassRunner.java:84)&#13;
	at org.eclipse.jdt.internal.junit4.runner.JUnit4TestReference.run(JUnit4TestReference.java:50)&#13;
	at org.eclipse.jdt.internal.junit.runner.TestExecution.run(TestExecution.java:38)&#13;
	at org.eclipse.jdt.internal.junit.runner.RemoteTestRunner.runTests(RemoteTestRunner.java:467)&#13;
	at org.eclipse.jdt.internal.junit.runner.RemoteTestRunner.runTests(RemoteTestRunner.java:683)&#13;
	at org.eclipse.jdt.internal.junit.runner.RemoteTestRunner.run(RemoteTestRunner.java:390)&#13;
	at org.eclipse.jdt.internal.junit.runner.RemoteTestRunner.main(RemoteTestRunner.java:197)&#13;
&#13;
</error>
    </testcase>
    <testcase name="testRolodexSearch" classname="gov.idaho.sboe.LoadDataTest" time="0.012">
      <error>java.lang.IllegalArgumentException: NamedQuery of name: truncateGlossaryAliasWord not found.&#13;
	at org.eclipse.persistence.internal.jpa.QueryImpl.getDatabaseQueryInternal(QueryImpl.java:350)&#13;
	at org.eclipse.persistence.internal.jpa.EntityManagerImpl.createNamedQuery(EntityManagerImpl.java:1107)&#13;
	at gov.idaho.sboe.utils.MockDataLoader.truncateTables(MockDataLoader.java:122)&#13;
	at gov.idaho.sboe.LoadDataTest.setUp(LoadDataTest.java:70)&#13;
	at junit.framework.TestCase.runBare(TestCase.java:139)&#13;
	at junit.framework.TestResult$1.protect(TestResult.java:122)&#13;
	at junit.framework.TestResult.runProtected(TestResult.java:142)&#13;
	at junit.framework.TestResult.run(TestResult.java:125)&#13;
	at junit.framework.TestCase.run(TestCase.java:129)&#13;
	at junit.framework.TestSuite.runTest(TestSuite.java:255)&#13;
	at junit.framework.TestSuite.run(TestSuite.java:250)&#13;
	at org.junit.internal.runners.JUnit38ClassRunner.run(JUnit38ClassRunner.java:84)&#13;
	at org.eclipse.jdt.internal.junit4.runner.JUnit4TestReference.run(JUnit4TestReference.java:50)&#13;
	at org.eclipse.jdt.internal.junit.runner.TestExecution.run(TestExecution.java:38)&#13;
	at org.eclipse.jdt.internal.junit.runner.RemoteTestRunner.runTests(RemoteTestRunner.java:467)&#13;
	at org.eclipse.jdt.internal.junit.runner.RemoteTestRunner.runTests(RemoteTestRunner.java:683)&#13;
	at org.eclipse.jdt.internal.junit.runner.RemoteTestRunner.run(RemoteTestRunner.java:390)&#13;
	at org.eclipse.jdt.internal.junit.runner.RemoteTestRunner.main(RemoteTestRunner.java:197)&#13;
&#13;
</error>
    </testcase>
    <testcase name="testNarrativeUpdate" classname="gov.idaho.sboe.LoadDataTest" time="0.011">
      <error>java.lang.IllegalArgumentException: NamedQuery of name: truncateGlossaryAliasWord not found.&#13;
	at org.eclipse.persistence.internal.jpa.QueryImpl.getDatabaseQueryInternal(QueryImpl.java:350)&#13;
	at org.eclipse.persistence.internal.jpa.EntityManagerImpl.createNamedQuery(EntityManagerImpl.java:1107)&#13;
	at gov.idaho.sboe.utils.MockDataLoader.truncateTables(MockDataLoader.java:122)&#13;
	at gov.idaho.sboe.LoadDataTest.setUp(LoadDataTest.java:70)&#13;
	at junit.framework.TestCase.runBare(TestCase.java:139)&#13;
	at junit.framework.TestResult$1.protect(TestResult.java:122)&#13;
	at junit.framework.TestResult.runProtected(TestResult.java:142)&#13;
	at junit.framework.TestResult.run(TestResult.java:125)&#13;
	at junit.framework.TestCase.run(TestCase.java:129)&#13;
	at junit.framework.TestSuite.runTest(TestSuite.java:255)&#13;
	at junit.framework.TestSuite.run(TestSuite.java:250)&#13;
	at org.junit.internal.runners.JUnit38ClassRunner.run(JUnit38ClassRunner.java:84)&#13;
	at org.eclipse.jdt.internal.junit4.runner.JUnit4TestReference.run(JUnit4TestReference.java:50)&#13;
	at org.eclipse.jdt.internal.junit.runner.TestExecution.run(TestExecution.java:38)&#13;
	at org.eclipse.jdt.internal.junit.runner.RemoteTestRunner.runTests(RemoteTestRunner.java:467)&#13;
	at org.eclipse.jdt.internal.junit.runner.RemoteTestRunner.runTests(RemoteTestRunner.java:683)&#13;
	at org.eclipse.jdt.internal.junit.runner.RemoteTestRunner.run(RemoteTestRunner.java:390)&#13;
	at org.eclipse.jdt.internal.junit.runner.RemoteTestRunner.main(RemoteTestRunner.java:197)&#13;
&#13;
</error>
    </testcase>
    <testcase name="testGlossaryRemove" classname="gov.idaho.sboe.LoadDataTest" time="0.011">
      <error>java.lang.IllegalArgumentException: NamedQuery of name: truncateGlossaryAliasWord not found.&#13;
	at org.eclipse.persistence.internal.jpa.QueryImpl.getDatabaseQueryInternal(QueryImpl.java:350)&#13;
	at org.eclipse.persistence.internal.jpa.EntityManagerImpl.createNamedQuery(EntityManagerImpl.java:1107)&#13;
	at gov.idaho.sboe.utils.MockDataLoader.truncateTables(MockDataLoader.java:122)&#13;
	at gov.idaho.sboe.LoadDataTest.setUp(LoadDataTest.java:70)&#13;
	at junit.framework.TestCase.runBare(TestCase.java:139)&#13;
	at junit.framework.TestResult$1.protect(TestResult.java:122)&#13;
	at junit.framework.TestResult.runProtected(TestResult.java:142)&#13;
	at junit.framework.TestResult.run(TestResult.java:125)&#13;
	at junit.framework.TestCase.run(TestCase.java:129)&#13;
	at junit.framework.TestSuite.runTest(TestSuite.java:255)&#13;
	at junit.framework.TestSuite.run(TestSuite.java:250)&#13;
	at org.junit.internal.runners.JUnit38ClassRunner.run(JUnit38ClassRunner.java:84)&#13;
	at org.eclipse.jdt.internal.junit4.runner.JUnit4TestReference.run(JUnit4TestReference.java:50)&#13;
	at org.eclipse.jdt.internal.junit.runner.TestExecution.run(TestExecution.java:38)&#13;
	at org.eclipse.jdt.internal.junit.runner.RemoteTestRunner.runTests(RemoteTestRunner.java:467)&#13;
	at org.eclipse.jdt.internal.junit.runner.RemoteTestRunner.runTests(RemoteTestRunner.java:683)&#13;
	at org.eclipse.jdt.internal.junit.runner.RemoteTestRunner.run(RemoteTestRunner.java:390)&#13;
	at org.eclipse.jdt.internal.junit.runner.RemoteTestRunner.main(RemoteTestRunner.java:197)&#13;
&#13;
</error>
    </testcase>
    <testcase name="testLoadTheDatabase" classname="gov.idaho.sboe.LoadDataTest" time="0.01">
      <error>java.lang.IllegalArgumentException: NamedQuery of name: truncateGlossaryAliasWord not found.&#13;
	at org.eclipse.persistence.internal.jpa.QueryImpl.getDatabaseQueryInternal(QueryImpl.java:350)&#13;
	at org.eclipse.persistence.internal.jpa.EntityManagerImpl.createNamedQuery(EntityManagerImpl.java:1107)&#13;
	at gov.idaho.sboe.utils.MockDataLoader.truncateTables(MockDataLoader.java:122)&#13;
	at gov.idaho.sboe.LoadDataTest.setUp(LoadDataTest.java:70)&#13;
	at junit.framework.TestCase.runBare(TestCase.java:139)&#13;
	at junit.framework.TestResult$1.protect(TestResult.java:122)&#13;
	at junit.framework.TestResult.runProtected(TestResult.java:142)&#13;
	at junit.framework.TestResult.run(TestResult.java:125)&#13;
	at junit.framework.TestCase.run(TestCase.java:129)&#13;
	at junit.framework.TestSuite.runTest(TestSuite.java:255)&#13;
	at junit.framework.TestSuite.run(TestSuite.java:250)&#13;
	at org.junit.internal.runners.JUnit38ClassRunner.run(JUnit38ClassRunner.java:84)&#13;
	at org.eclipse.jdt.internal.junit4.runner.JUnit4TestReference.run(JUnit4TestReference.java:50)&#13;
	at org.eclipse.jdt.internal.junit.runner.TestExecution.run(TestExecution.java:38)&#13;
	at org.eclipse.jdt.internal.junit.runner.RemoteTestRunner.runTests(RemoteTestRunner.java:467)&#13;
	at org.eclipse.jdt.internal.junit.runner.RemoteTestRunner.runTests(RemoteTestRunner.java:683)&#13;
	at org.eclipse.jdt.internal.junit.runner.RemoteTestRunner.run(RemoteTestRunner.java:390)&#13;
	at org.eclipse.jdt.internal.junit.runner.RemoteTestRunner.main(RemoteTestRunner.java:197)&#13;
&#13;
</error>
    </testcase>
    <testcase name="testDeleteGlossaryCascadeRelationships" classname="gov.idaho.sboe.LoadDataTest" time="0.011">
      <error>java.lang.IllegalArgumentException: NamedQuery of name: truncateGlossaryAliasWord not found.&#13;
	at org.eclipse.persistence.internal.jpa.QueryImpl.getDatabaseQueryInternal(QueryImpl.java:350)&#13;
	at org.eclipse.persistence.internal.jpa.EntityManagerImpl.createNamedQuery(EntityManagerImpl.java:1107)&#13;
	at gov.idaho.sboe.utils.MockDataLoader.truncateTables(MockDataLoader.java:122)&#13;
	at gov.idaho.sboe.LoadDataTest.setUp(LoadDataTest.java:70)&#13;
	at junit.framework.TestCase.runBare(TestCase.java:139)&#13;
	at junit.framework.TestResult$1.protect(TestResult.java:122)&#13;
	at junit.framework.TestResult.runProtected(TestResult.java:142)&#13;
	at junit.framework.TestResult.run(TestResult.java:125)&#13;
	at junit.framework.TestCase.run(TestCase.java:129)&#13;
	at junit.framework.TestSuite.runTest(TestSuite.java:255)&#13;
	at junit.framework.TestSuite.run(TestSuite.java:250)&#13;
	at org.junit.internal.runners.JUnit38ClassRunner.run(JUnit38ClassRunner.java:84)&#13;
	at org.eclipse.jdt.internal.junit4.runner.JUnit4TestReference.run(JUnit4TestReference.java:50)&#13;
	at org.eclipse.jdt.internal.junit.runner.TestExecution.run(TestExecution.java:38)&#13;
	at org.eclipse.jdt.internal.junit.runner.RemoteTestRunner.runTests(RemoteTestRunner.java:467)&#13;
	at org.eclipse.jdt.internal.junit.runner.RemoteTestRunner.runTests(RemoteTestRunner.java:683)&#13;
	at org.eclipse.jdt.internal.junit.runner.RemoteTestRunner.run(RemoteTestRunner.java:390)&#13;
	at org.eclipse.jdt.internal.junit.runner.RemoteTestRunner.main(RemoteTestRunner.java:197)&#13;
&#13;
</error>
    </testcase>
    <testcase name="testNarrativeWildcardSearch" classname="gov.idaho.sboe.LoadDataTest" time="0.011">
      <error>java.lang.IllegalArgumentException: NamedQuery of name: truncateGlossaryAliasWord not found.&#13;
	at org.eclipse.persistence.internal.jpa.QueryImpl.getDatabaseQueryInternal(QueryImpl.java:350)&#13;
	at org.eclipse.persistence.internal.jpa.EntityManagerImpl.createNamedQuery(EntityManagerImpl.java:1107)&#13;
	at gov.idaho.sboe.utils.MockDataLoader.truncateTables(MockDataLoader.java:122)&#13;
	at gov.idaho.sboe.LoadDataTest.setUp(LoadDataTest.java:70)&#13;
	at junit.framework.TestCase.runBare(TestCase.java:139)&#13;
	at junit.framework.TestResult$1.protect(TestResult.java:122)&#13;
	at junit.framework.TestResult.runProtected(TestResult.java:142)&#13;
	at junit.framework.TestResult.run(TestResult.java:125)&#13;
	at junit.framework.TestCase.run(TestCase.java:129)&#13;
	at junit.framework.TestSuite.runTest(TestSuite.java:255)&#13;
	at junit.framework.TestSuite.run(TestSuite.java:250)&#13;
	at org.junit.internal.runners.JUnit38ClassRunner.run(JUnit38ClassRunner.java:84)&#13;
	at org.eclipse.jdt.internal.junit4.runner.JUnit4TestReference.run(JUnit4TestReference.java:50)&#13;
	at org.eclipse.jdt.internal.junit.runner.TestExecution.run(TestExecution.java:38)&#13;
	at org.eclipse.jdt.internal.junit.runner.RemoteTestRunner.runTests(RemoteTestRunner.java:467)&#13;
	at org.eclipse.jdt.internal.junit.runner.RemoteTestRunner.runTests(RemoteTestRunner.java:683)&#13;
	at org.eclipse.jdt.internal.junit.runner.RemoteTestRunner.run(RemoteTestRunner.java:390)&#13;
	at org.eclipse.jdt.internal.junit.runner.RemoteTestRunner.main(RemoteTestRunner.java:197)&#13;
&#13;
</error>
    </testcase>
    <testcase name="testGlossaryCreateTree" classname="gov.idaho.sboe.LoadDataTest" time="0.012">
      <error>java.lang.IllegalArgumentException: NamedQuery of name: truncateGlossaryAliasWord not found.&#13;
	at org.eclipse.persistence.internal.jpa.QueryImpl.getDatabaseQueryInternal(QueryImpl.java:350)&#13;
	at org.eclipse.persistence.internal.jpa.EntityManagerImpl.createNamedQuery(EntityManagerImpl.java:1107)&#13;
	at gov.idaho.sboe.utils.MockDataLoader.truncateTables(MockDataLoader.java:122)&#13;
	at gov.idaho.sboe.LoadDataTest.setUp(LoadDataTest.java:70)&#13;
	at junit.framework.TestCase.runBare(TestCase.java:139)&#13;
	at junit.framework.TestResult$1.protect(TestResult.java:122)&#13;
	at junit.framework.TestResult.runProtected(TestResult.java:142)&#13;
	at junit.framework.TestResult.run(TestResult.java:125)&#13;
	at junit.framework.TestCase.run(TestCase.java:129)&#13;
	at junit.framework.TestSuite.runTest(TestSuite.java:255)&#13;
	at junit.framework.TestSuite.run(TestSuite.java:250)&#13;
	at org.junit.internal.runners.JUnit38ClassRunner.run(JUnit38ClassRunner.java:84)&#13;
	at org.eclipse.jdt.internal.junit4.runner.JUnit4TestReference.run(JUnit4TestReference.java:50)&#13;
	at org.eclipse.jdt.internal.junit.runner.TestExecution.run(TestExecution.java:38)&#13;
	at org.eclipse.jdt.internal.junit.runner.RemoteTestRunner.runTests(RemoteTestRunner.java:467)&#13;
	at org.eclipse.jdt.internal.junit.runner.RemoteTestRunner.runTests(RemoteTestRunner.java:683)&#13;
	at org.eclipse.jdt.internal.junit.runner.RemoteTestRunner.run(RemoteTestRunner.java:390)&#13;
	at org.eclipse.jdt.internal.junit.runner.RemoteTestRunner.main(RemoteTestRunner.java:197)&#13;
&#13;
</error>
    </testcase>
  </testsuite>
  <testsuite name="gov.idaho.sboe.AbstractJPA" time="0.0">
    <testcase name="warning" classname="junit.framework.TestSuite.1" time="0.0">
      <failure>junit.framework.AssertionFailedError: No tests found in gov.idaho.sboe.AbstractJPA&#13;
	at junit.framework.Assert.fail(Assert.java:57)&#13;
	at junit.framework.TestCase.fail(TestCase.java:227)&#13;
	at junit.framework.TestSuite$1.runTest(TestSuite.java:100)&#13;
	at junit.framework.TestCase.runBare(TestCase.java:141)&#13;
	at junit.framework.TestResult$1.protect(TestResult.java:122)&#13;
	at junit.framework.TestResult.runProtected(TestResult.java:142)&#13;
	at junit.framework.TestResult.run(TestResult.java:125)&#13;
	at junit.framework.TestCase.run(TestCase.java:129)&#13;
	at junit.framework.TestSuite.runTest(TestSuite.java:255)&#13;
	at junit.framework.TestSuite.run(TestSuite.java:250)&#13;
	at org.junit.internal.runners.JUnit38ClassRunner.run(JUnit38ClassRunner.java:84)&#13;
	at org.eclipse.jdt.internal.junit4.runner.JUnit4TestReference.run(JUnit4TestReference.java:50)&#13;
	at org.eclipse.jdt.internal.junit.runner.TestExecution.run(TestExecution.java:38)&#13;
	at org.eclipse.jdt.internal.junit.runner.RemoteTestRunner.runTests(RemoteTestRunner.java:467)&#13;
	at org.eclipse.jdt.internal.junit.runner.RemoteTestRunner.runTests(RemoteTestRunner.java:683)&#13;
	at org.eclipse.jdt.internal.junit.runner.RemoteTestRunner.run(RemoteTestRunner.java:390)&#13;
	at org.eclipse.jdt.internal.junit.runner.RemoteTestRunner.main(RemoteTestRunner.java:197)&#13;
&#13;
</failure>
    </testcase>
  </testsuite>
  <testsuite name="gov.idaho.sboe.utils.DatabaseExport" time="0.159">
    <testcase name="testDumpSomeTables" classname="gov.idaho.sboe.utils.DatabaseExport" time="0.092"/>
    <testcase name="testDumpFullDatabase" classname="gov.idaho.sboe.utils.DatabaseExport" time="0.054"/>
    <testcase name="testDump" classname="gov.idaho.sboe.utils.DatabaseExport" time="0.013">
      <error>java.lang.NoClassDefFoundError: org/apache/commons/logging/LogFactory&#13;
	at org.dbunit.util.search.AbstractNodesFilterSearchCallback.&lt;init&gt;(AbstractNodesFilterSearchCallback.java:53)&#13;
	at org.dbunit.database.search.AbstractMetaDataBasedSearchCallback.&lt;init&gt;(AbstractMetaDataBasedSearchCallback.java:53)&#13;
	at org.dbunit.database.search.ImportedAndExportedKeysSearchCallback.&lt;init&gt;(ImportedAndExportedKeysSearchCallback.java:42)&#13;
	at org.dbunit.database.search.TablesDependencyHelper.getAllDependentTables(TablesDependencyHelper.java:106)&#13;
	at org.dbunit.database.search.TablesDependencyHelper.getAllDependentTables(TablesDependencyHelper.java:92)&#13;
	at gov.idaho.sboe.utils.DatabaseExport.testDump(DatabaseExport.java:60)&#13;
	at sun.reflect.NativeMethodAccessorImpl.invoke0(Native Method)&#13;
	at sun.reflect.NativeMethodAccessorImpl.invoke(NativeMethodAccessorImpl.java:57)&#13;
	at sun.reflect.DelegatingMethodAccessorImpl.invoke(DelegatingMethodAccessorImpl.java:43)&#13;
	at java.lang.reflect.Method.invoke(Method.java:606)&#13;
	at junit.framework.TestCase.runTest(TestCase.java:176)&#13;
	at junit.framework.TestCase.runBare(TestCase.java:141)&#13;
	at junit.framework.TestResult$1.protect(TestResult.java:122)&#13;
	at junit.framework.TestResult.runProtected(TestResult.java:142)&#13;
	at junit.framework.TestResult.run(TestResult.java:125)&#13;
	at junit.framework.TestCase.run(TestCase.java:129)&#13;
	at junit.framework.TestSuite.runTest(TestSuite.java:255)&#13;
	at junit.framework.TestSuite.run(TestSuite.java:250)&#13;
	at org.junit.internal.runners.JUnit38ClassRunner.run(JUnit38ClassRunner.java:84)&#13;
	at org.eclipse.jdt.internal.junit4.runner.JUnit4TestReference.run(JUnit4TestReference.java:50)&#13;
	at org.eclipse.jdt.internal.junit.runner.TestExecution.run(TestExecution.java:38)&#13;
	at org.eclipse.jdt.internal.junit.runner.RemoteTestRunner.runTests(RemoteTestRunner.java:467)&#13;
	at org.eclipse.jdt.internal.junit.runner.RemoteTestRunner.runTests(RemoteTestRunner.java:683)&#13;
	at org.eclipse.jdt.internal.junit.runner.RemoteTestRunner.run(RemoteTestRunner.java:390)&#13;
	at org.eclipse.jdt.internal.junit.runner.RemoteTestRunner.main(RemoteTestRunner.java:197)&#13;
Caused by: java.lang.ClassNotFoundException: org.apache.commons.logging.LogFactory&#13;
	at java.net.URLClassLoader$1.run(URLClassLoader.java:366)&#13;
	at java.net.URLClassLoader$1.run(URLClassLoader.java:355)&#13;
	at java.security.AccessController.doPrivileged(Native Method)&#13;
	at java.net.URLClassLoader.findClass(URLClassLoader.java:354)&#13;
	at java.lang.ClassLoader.loadClass(ClassLoader.java:425)&#13;
	at sun.misc.Launcher$AppClassLoader.loadClass(Launcher.java:308)&#13;
	at java.lang.ClassLoader.loadClass(ClassLoader.java:358)&#13;
	... 25 more&#13;
&#13;
</error>
    </testcase>
  </testsuite>
  <testsuite name="gov.idaho.sboe.services.NarrativeIndexingFacadeTest" time="0.825">
    <testcase name="testConcatSingleTokenPhrase" classname="gov.idaho.sboe.services.NarrativeIndexingFacadeTest" time="0.058"/>
    <testcase name="testBuildWhereAndSelectClause" classname="gov.idaho.sboe.services.NarrativeIndexingFacadeTest" time="0.091">
      <failure>
        <expected> CONTAINS(ItemNarrative, '$search', 1) &gt; 0 OR CONTAINS(ItemNarrative, 'syn(search)', 2) &gt; 0 OR CONTAINS(ItemName, '$search', 3) &gt; 0 OR CONTAINS(ItemName, 'syn(search)', 4) &gt; 0</expected>
        <actual> CONTAINS(ItemNarrative, '$search', 1) &gt; 0 OR CONTAINS(ItemNarrative, '{syn(search)}', 2) &gt; 0 OR CONTAINS(ItemName, '$search', 3) &gt; 0 OR CONTAINS(ItemName, '{syn(search)}', 4) &gt; 0</actual>junit.framework.ComparisonFailure: Unexpected where clause expected:&lt;...INS(ItemNarrative, '[syn(search)', 2) &gt; 0 OR CONTAINS(ItemName, '$search', 3) &gt; 0 OR CONTAINS(ItemName, 'syn(search)]', 4) &gt; 0&gt; but was:&lt;...INS(ItemNarrative, '[{syn(search)}', 2) &gt; 0 OR CONTAINS(ItemName, '$search', 3) &gt; 0 OR CONTAINS(ItemName, '{syn(search)}]', 4) &gt; 0&gt;&#13;
	at junit.framework.Assert.assertEquals(Assert.java:100)&#13;
	at junit.framework.TestCase.assertEquals(TestCase.java:261)&#13;
	at gov.idaho.sboe.services.NarrativeIndexingFacadeTest.testBuildWhereAndSelectClause(NarrativeIndexingFacadeTest.java:89)&#13;
	at sun.reflect.NativeMethodAccessorImpl.invoke0(Native Method)&#13;
	at sun.reflect.NativeMethodAccessorImpl.invoke(NativeMethodAccessorImpl.java:57)&#13;
	at sun.reflect.DelegatingMethodAccessorImpl.invoke(DelegatingMethodAccessorImpl.java:43)&#13;
	at java.lang.reflect.Method.invoke(Method.java:606)&#13;
	at junit.framework.TestCase.runTest(TestCase.java:176)&#13;
	at junit.framework.TestCase.runBare(TestCase.java:141)&#13;
	at junit.framework.TestResult$1.protect(TestResult.java:122)&#13;
	at junit.framework.TestResult.runProtected(TestResult.java:142)&#13;
	at junit.framework.TestResult.run(TestResult.java:125)&#13;
	at junit.framework.TestCase.run(TestCase.java:129)&#13;
	at junit.framework.TestSuite.runTest(TestSuite.java:255)&#13;
	at junit.framework.TestSuite.run(TestSuite.java:250)&#13;
	at org.junit.internal.runners.JUnit38ClassRunner.run(JUnit38ClassRunner.java:84)&#13;
	at org.eclipse.jdt.internal.junit4.runner.JUnit4TestReference.run(JUnit4TestReference.java:50)&#13;
	at org.eclipse.jdt.internal.junit.runner.TestExecution.run(TestExecution.java:38)&#13;
	at org.eclipse.jdt.internal.junit.runner.RemoteTestRunner.runTests(RemoteTestRunner.java:467)&#13;
	at org.eclipse.jdt.internal.junit.runner.RemoteTestRunner.runTests(RemoteTestRunner.java:683)&#13;
	at org.eclipse.jdt.internal.junit.runner.RemoteTestRunner.run(RemoteTestRunner.java:390)&#13;
	at org.eclipse.jdt.internal.junit.runner.RemoteTestRunner.main(RemoteTestRunner.java:197)&#13;
&#13;
</failure>
    </testcase>
    <testcase name="testBuildDoubleWhereOnlyClause" classname="gov.idaho.sboe.services.NarrativeIndexingFacadeTest" time="0.095"/>
    <testcase name="testIsOracleStopWordFalse" classname="gov.idaho.sboe.services.NarrativeIndexingFacadeTest" time="0.088"/>
    <testcase name="testIsOracleStopWordTrue" classname="gov.idaho.sboe.services.NarrativeIndexingFacadeTest" time="0.09">
      <failure>junit.framework.AssertionFailedError: Stop word not found&#13;
	at junit.framework.Assert.fail(Assert.java:57)&#13;
	at junit.framework.Assert.assertTrue(Assert.java:22)&#13;
	at junit.framework.TestCase.assertTrue(TestCase.java:192)&#13;
	at gov.idaho.sboe.services.NarrativeIndexingFacadeTest.testIsOracleStopWordTrue(NarrativeIndexingFacadeTest.java:123)&#13;
	at sun.reflect.NativeMethodAccessorImpl.invoke0(Native Method)&#13;
	at sun.reflect.NativeMethodAccessorImpl.invoke(NativeMethodAccessorImpl.java:57)&#13;
	at sun.reflect.DelegatingMethodAccessorImpl.invoke(DelegatingMethodAccessorImpl.java:43)&#13;
	at java.lang.reflect.Method.invoke(Method.java:606)&#13;
	at junit.framework.TestCase.runTest(TestCase.java:176)&#13;
	at junit.framework.TestCase.runBare(TestCase.java:141)&#13;
	at junit.framework.TestResult$1.protect(TestResult.java:122)&#13;
	at junit.framework.TestResult.runProtected(TestResult.java:142)&#13;
	at junit.framework.TestResult.run(TestResult.java:125)&#13;
	at junit.framework.TestCase.run(TestCase.java:129)&#13;
	at junit.framework.TestSuite.runTest(TestSuite.java:255)&#13;
	at junit.framework.TestSuite.run(TestSuite.java:250)&#13;
	at org.junit.internal.runners.JUnit38ClassRunner.run(JUnit38ClassRunner.java:84)&#13;
	at org.eclipse.jdt.internal.junit4.runner.JUnit4TestReference.run(JUnit4TestReference.java:50)&#13;
	at org.eclipse.jdt.internal.junit.runner.TestExecution.run(TestExecution.java:38)&#13;
	at org.eclipse.jdt.internal.junit.runner.RemoteTestRunner.runTests(RemoteTestRunner.java:467)&#13;
	at org.eclipse.jdt.internal.junit.runner.RemoteTestRunner.runTests(RemoteTestRunner.java:683)&#13;
	at org.eclipse.jdt.internal.junit.runner.RemoteTestRunner.run(RemoteTestRunner.java:390)&#13;
	at org.eclipse.jdt.internal.junit.runner.RemoteTestRunner.main(RemoteTestRunner.java:197)&#13;
&#13;
</failure>
    </testcase>
    <testcase name="testBuildWhereOnlyClause" classname="gov.idaho.sboe.services.NarrativeIndexingFacadeTest" time="0.099">
      <failure>
        <expected> CONTAINS(ItemNarrative, '$search', 1) &gt; 0 OR CONTAINS(ItemNarrative, 'syn(search)', 2) &gt; 0 OR CONTAINS(ItemName, '$search', 3) &gt; 0 OR CONTAINS(ItemName, 'syn(search)', 4) &gt; 0</expected>
        <actual> CONTAINS(ItemNarrative, '$search', 1) &gt; 0 OR CONTAINS(ItemNarrative, '{syn(search)}', 2) &gt; 0 OR CONTAINS(ItemName, '$search', 3) &gt; 0 OR CONTAINS(ItemName, '{syn(search)}', 4) &gt; 0</actual>junit.framework.ComparisonFailure: Unexpected where clause expected:&lt;...INS(ItemNarrative, '[syn(search)', 2) &gt; 0 OR CONTAINS(ItemName, '$search', 3) &gt; 0 OR CONTAINS(ItemName, 'syn(search)]', 4) &gt; 0&gt; but was:&lt;...INS(ItemNarrative, '[{syn(search)}', 2) &gt; 0 OR CONTAINS(ItemName, '$search', 3) &gt; 0 OR CONTAINS(ItemName, '{syn(search)}]', 4) &gt; 0&gt;&#13;
	at junit.framework.Assert.assertEquals(Assert.java:100)&#13;
	at junit.framework.TestCase.assertEquals(TestCase.java:261)&#13;
	at gov.idaho.sboe.services.NarrativeIndexingFacadeTest.testBuildWhereOnlyClause(NarrativeIndexingFacadeTest.java:67)&#13;
	at sun.reflect.NativeMethodAccessorImpl.invoke0(Native Method)&#13;
	at sun.reflect.NativeMethodAccessorImpl.invoke(NativeMethodAccessorImpl.java:57)&#13;
	at sun.reflect.DelegatingMethodAccessorImpl.invoke(DelegatingMethodAccessorImpl.java:43)&#13;
	at java.lang.reflect.Method.invoke(Method.java:606)&#13;
	at junit.framework.TestCase.runTest(TestCase.java:176)&#13;
	at junit.framework.TestCase.runBare(TestCase.java:141)&#13;
	at junit.framework.TestResult$1.protect(TestResult.java:122)&#13;
	at junit.framework.TestResult.runProtected(TestResult.java:142)&#13;
	at junit.framework.TestResult.run(TestResult.java:125)&#13;
	at junit.framework.TestCase.run(TestCase.java:129)&#13;
	at junit.framework.TestSuite.runTest(TestSuite.java:255)&#13;
	at junit.framework.TestSuite.run(TestSuite.java:250)&#13;
	at org.junit.internal.runners.JUnit38ClassRunner.run(JUnit38ClassRunner.java:84)&#13;
	at org.eclipse.jdt.internal.junit4.runner.JUnit4TestReference.run(JUnit4TestReference.java:50)&#13;
	at org.eclipse.jdt.internal.junit.runner.TestExecution.run(TestExecution.java:38)&#13;
	at org.eclipse.jdt.internal.junit.runner.RemoteTestRunner.runTests(RemoteTestRunner.java:467)&#13;
	at org.eclipse.jdt.internal.junit.runner.RemoteTestRunner.runTests(RemoteTestRunner.java:683)&#13;
	at org.eclipse.jdt.internal.junit.runner.RemoteTestRunner.run(RemoteTestRunner.java:390)&#13;
	at org.eclipse.jdt.internal.junit.runner.RemoteTestRunner.main(RemoteTestRunner.java:197)&#13;
&#13;
</failure>
    </testcase>
    <testcase name="testConcatMultipleTokenPhrase" classname="gov.idaho.sboe.services.NarrativeIndexingFacadeTest" time="0.081"/>
    <testcase name="testBuildMultiWhereAndSelectClause" classname="gov.idaho.sboe.services.NarrativeIndexingFacadeTest" time="0.085"/>
    <testcase name="testTokenizeNarrative" classname="gov.idaho.sboe.services.NarrativeIndexingFacadeTest" time="0.089"/>
    <testcase name="testConcatDoubleTokenPhrase" classname="gov.idaho.sboe.services.NarrativeIndexingFacadeTest" time="0.049"/>
  </testsuite>
  <testsuite name="gov.idaho.sboe.EntityBeanTest" time="0.012">
    <testcase name="testUser" classname="gov.idaho.sboe.EntityBeanTest" time="0.0"/>
    <testcase name="testGlossaryXwalkHistory" classname="gov.idaho.sboe.EntityBeanTest" time="0.0"/>
    <testcase name="testGlossaryEquals" classname="gov.idaho.sboe.EntityBeanTest" time="0.0"/>
    <testcase name="testGlossaryType" classname="gov.idaho.sboe.EntityBeanTest" time="0.001"/>
    <testcase name="testGlossaryClone" classname="gov.idaho.sboe.EntityBeanTest" time="0.0"/>
    <testcase name="testGlossaryXwalk" classname="gov.idaho.sboe.EntityBeanTest" time="0.0"/>
    <testcase name="testValidateGlossary" classname="gov.idaho.sboe.EntityBeanTest" time="0.011"/>
    <testcase name="testGlossaryHistory" classname="gov.idaho.sboe.EntityBeanTest" time="0.0"/>
    <testcase name="testGlossaryCompareTo" classname="gov.idaho.sboe.EntityBeanTest" time="0.0"/>
  </testsuite>
</testrun>
